[debug] [2023-07-07T22:36:03.474Z] ----------------------------------------------------------------------
[debug] [2023-07-07T22:36:03.475Z] Command:       /Users/briancho/Library/pnpm/nodejs/16.20.0/bin/node /usr/local/bin/firebase deploy
[debug] [2023-07-07T22:36:03.475Z] CLI Version:   11.15.0
[debug] [2023-07-07T22:36:03.475Z] Platform:      darwin
[debug] [2023-07-07T22:36:03.475Z] Node Version:  v16.20.0
[debug] [2023-07-07T22:36:03.479Z] Time:          Fri Jul 07 2023 18:36:03 GMT-0400 (Eastern Daylight Time)
[debug] [2023-07-07T22:36:03.479Z] ----------------------------------------------------------------------
[debug] 
[debug] [2023-07-07T22:36:03.511Z] > command requires scopes: ["email","openid","https://www.googleapis.com/auth/cloudplatformprojects.readonly","https://www.googleapis.com/auth/firebase","https://www.googleapis.com/auth/cloud-platform"]
[debug] [2023-07-07T22:36:03.511Z] > authorizing via signed-in user (bischo91@gmail.com)
[debug] [2023-07-07T22:36:03.511Z] [iam] checking project brian-cho for permissions ["firebase.projects.get","firebasehosting.sites.update"]
[debug] [2023-07-07T22:36:03.512Z] > refreshing access token with scopes: []
[debug] [2023-07-07T22:36:03.513Z] >>> [apiv2][query] POST https://www.googleapis.com/oauth2/v3/token [none]
[debug] [2023-07-07T22:36:03.513Z] >>> [apiv2][body] POST https://www.googleapis.com/oauth2/v3/token [omitted]
[debug] [2023-07-07T22:36:03.682Z] <<< [apiv2][status] POST https://www.googleapis.com/oauth2/v3/token 200
[debug] [2023-07-07T22:36:03.682Z] <<< [apiv2][body] POST https://www.googleapis.com/oauth2/v3/token [omitted]
[debug] [2023-07-07T22:36:03.690Z] >>> [apiv2][query] POST https://cloudresourcemanager.googleapis.com/v1/projects/brian-cho:testIamPermissions [none]
[debug] [2023-07-07T22:36:03.690Z] >>> [apiv2][(partial)header] POST https://cloudresourcemanager.googleapis.com/v1/projects/brian-cho:testIamPermissions x-goog-quota-user=projects/brian-cho
[debug] [2023-07-07T22:36:03.690Z] >>> [apiv2][body] POST https://cloudresourcemanager.googleapis.com/v1/projects/brian-cho:testIamPermissions {"permissions":["firebase.projects.get","firebasehosting.sites.update"]}
[debug] [2023-07-07T22:36:03.904Z] <<< [apiv2][status] POST https://cloudresourcemanager.googleapis.com/v1/projects/brian-cho:testIamPermissions 200
[debug] [2023-07-07T22:36:03.904Z] <<< [apiv2][body] POST https://cloudresourcemanager.googleapis.com/v1/projects/brian-cho:testIamPermissions {"permissions":["firebase.projects.get","firebasehosting.sites.update"]}
[debug] [2023-07-07T22:36:03.905Z] >>> [apiv2][query] GET https://firebase.googleapis.com/v1beta1/projects/brian-cho [none]
[debug] [2023-07-07T22:36:04.217Z] <<< [apiv2][status] GET https://firebase.googleapis.com/v1beta1/projects/brian-cho 200
[debug] [2023-07-07T22:36:04.217Z] <<< [apiv2][body] GET https://firebase.googleapis.com/v1beta1/projects/brian-cho {"projectId":"brian-cho","projectNumber":"346649456841","displayName":"brian-cho","name":"projects/brian-cho","resources":{"hostingSite":"brian-cho"},"state":"ACTIVE","etag":"1_2b6e4ede-d391-454e-b762-58c6afa5cd1a"}
[info] 
[info] === Deploying to 'brian-cho'...
[info] 
[info] i  deploying hosting 
[debug] [2023-07-07T22:36:04.218Z] >>> [apiv2][query] POST https://firebasehosting.googleapis.com/v1beta1/projects/-/sites/brian-cho/versions [none]
[debug] [2023-07-07T22:36:04.218Z] >>> [apiv2][body] POST https://firebasehosting.googleapis.com/v1beta1/projects/-/sites/brian-cho/versions {"status":"CREATED","labels":{"deployment-tool":"cli-firebase"}}
